This is pdfTeX, Version 3.1415926-1.40.10 (TeX Live 2009/Debian) (format=latex 2012.7.2)  23 MAY 2013 12:45
entering extended mode
 %&-line parsing enabled.
**ImageSimulation_TextureSynthesis.tex
(./ImageSimulation_TextureSynthesis.tex
LaTeX2e <2009/09/24>
Babel <v3.8l> and hyphenation patterns for english, usenglishmax, dumylang, noh
yphenation, loaded.
(/usr/share/texmf-texlive/tex/latex/base/article.cls
Document Class: article 2007/10/19 v1.4h Standard LaTeX document class
(/usr/share/texmf-texlive/tex/latex/base/size10.clo
File: size10.clo 2007/10/19 v1.4h Standard LaTeX file (size option)
)
\c@part=\count79
\c@section=\count80
\c@subsection=\count81
\c@subsubsection=\count82
\c@paragraph=\count83
\c@subparagraph=\count84
\c@figure=\count85
\c@table=\count86
\abovecaptionskip=\skip41
\belowcaptionskip=\skip42
\bibindent=\dimen102
) (./spconf.sty)
(/usr/share/texmf-texlive/tex/latex/amsmath/amsmath.sty
Package: amsmath 2000/07/18 v2.13 AMS math features
\@mathmargin=\skip43

For additional information on amsmath, use the `?' option.
(/usr/share/texmf-texlive/tex/latex/amsmath/amstext.sty
Package: amstext 2000/06/29 v2.01

(/usr/share/texmf-texlive/tex/latex/amsmath/amsgen.sty
File: amsgen.sty 1999/11/30 v2.0
\@emptytoks=\toks14
\ex@=\dimen103
))
(/usr/share/texmf-texlive/tex/latex/amsmath/amsbsy.sty
Package: amsbsy 1999/11/29 v1.2d
\pmbraise@=\dimen104
)
(/usr/share/texmf-texlive/tex/latex/amsmath/amsopn.sty
Package: amsopn 1999/12/14 v2.01 operator names
)
\inf@bad=\count87
LaTeX Info: Redefining \frac on input line 211.
\uproot@=\count88
\leftroot@=\count89
LaTeX Info: Redefining \overline on input line 307.
\classnum@=\count90
\DOTSCASE@=\count91
LaTeX Info: Redefining \ldots on input line 379.
LaTeX Info: Redefining \dots on input line 382.
LaTeX Info: Redefining \cdots on input line 467.
\Mathstrutbox@=\box26
\strutbox@=\box27
\big@size=\dimen105
LaTeX Font Info:    Redeclaring font encoding OML on input line 567.
LaTeX Font Info:    Redeclaring font encoding OMS on input line 568.
\macc@depth=\count92
\c@MaxMatrixCols=\count93
\dotsspace@=\muskip10
\c@parentequation=\count94
\dspbrk@lvl=\count95
\tag@help=\toks15
\row@=\count96
\column@=\count97
\maxfields@=\count98
\andhelp@=\toks16
\eqnshift@=\dimen106
\alignsep@=\dimen107
\tagshift@=\dimen108
\tagwidth@=\dimen109
\totwidth@=\dimen110
\lineht@=\dimen111
\@envbody=\toks17
\multlinegap=\skip44
\multlinetaggap=\skip45
\mathdisplay@stack=\toks18
LaTeX Info: Redefining \[ on input line 2666.
LaTeX Info: Redefining \] on input line 2667.
)
(/usr/share/texmf-texlive/tex/latex/graphics/graphicx.sty
Package: graphicx 1999/02/16 v1.0f Enhanced LaTeX Graphics (DPC,SPQR)

(/usr/share/texmf-texlive/tex/latex/graphics/keyval.sty
Package: keyval 1999/03/16 v1.13 key=value parser (DPC)
\KV@toks@=\toks19
)
(/usr/share/texmf-texlive/tex/latex/graphics/graphics.sty
Package: graphics 2009/02/05 v1.0o Standard LaTeX Graphics (DPC,SPQR)

(/usr/share/texmf-texlive/tex/latex/graphics/trig.sty
Package: trig 1999/03/16 v1.09 sin cos tan (DPC)
)
(/etc/texmf/tex/latex/config/graphics.cfg
File: graphics.cfg 2009/08/28 v1.8 graphics configuration of TeX Live
)
Package graphics Info: Driver file: dvips.def on input line 91.

(/usr/share/texmf-texlive/tex/latex/graphics/dvips.def
File: dvips.def 1999/02/16 v3.0i Driver-dependant file (DPC,SPQR)
))
\Gin@req@height=\dimen112
\Gin@req@width=\dimen113
)
(/usr/share/texmf-texlive/tex/latex/oberdiek/epstopdf.sty
Package: epstopdf 2009/10/17 v2.4 Conversion with epstopdf on the fly (HO)

(/usr/share/texmf-texlive/tex/latex/oberdiek/epstopdf-base.sty
Package: epstopdf-base 2009/10/17 v2.4 Base part for package epstopdf

(/usr/share/texmf-texlive/tex/generic/oberdiek/infwarerr.sty
Package: infwarerr 2007/09/09 v1.2 Providing info/warning/message (HO)
)
(/usr/share/texmf-texlive/tex/latex/oberdiek/grfext.sty
Package: grfext 2007/09/30 v1.0 Managing graphics extensions (HO)
)
(/usr/share/texmf-texlive/tex/latex/oberdiek/kvoptions.sty
Package: kvoptions 2009/08/13 v3.4 Keyval support for LaTeX options (HO)

(/usr/share/texmf-texlive/tex/generic/oberdiek/kvsetkeys.sty
Package: kvsetkeys 2009/07/30 v1.5 Key value parser with default handler suppor
t (HO)

(/usr/share/texmf-texlive/tex/generic/oberdiek/etexcmds.sty
Package: etexcmds 2007/12/12 v1.2 Prefix for e-TeX command names (HO)
Package etexcmds Info: Could not find \expanded.
(etexcmds)             That can mean that you are not using pdfTeX 1.50 or
(etexcmds)             that some package has redefined \expanded.
(etexcmds)             In the latter case, load this package earlier.
)))
(/usr/share/texmf-texlive/tex/generic/oberdiek/pdftexcmds.sty
Package: pdftexcmds 2009/09/23 v0.6 LuaTeX support for pdfTeX utility functions
 (HO)

(/usr/share/texmf-texlive/tex/generic/oberdiek/ifluatex.sty
Package: ifluatex 2009/04/17 v1.2 Provides the ifluatex switch (HO)
Package ifluatex Info: LuaTeX not detected.
)
(/usr/share/texmf-texlive/tex/generic/oberdiek/ltxcmds.sty
Package: ltxcmds 2009/08/05 v1.0 Some LaTeX kernel commands for general use (HO
)
)
Package pdftexcmds Info: LuaTeX not detected.
Package pdftexcmds Info: \pdf@primitive is available.
Package pdftexcmds Info: \pdf@ifprimitive is available.
)

Package epstopdf Warning: Other drivers than `pdftex.def' are not supported.

)) (/usr/share/texmf-texlive/tex/latex/oberdiek/grffile.sty
Package: grffile 2009/09/25 v1.10 Extended file name support for graphics (HO)

(/usr/share/texmf-texlive/tex/generic/oberdiek/ifpdf.sty
Package: ifpdf 2009/04/10 v2.0 Provides the ifpdf switch (HO)
Package ifpdf Info: pdfTeX in pdf mode not detected.
)
Package grffile Info: Option `multidot' is set to `true'.
Package grffile Info: Option `extendedchars' is set to `false'.
Package grffile Info: Option `space' is set to `false'.
)
(/usr/share/texmf-texlive/tex/latex/ltxmisc/url.sty
\Urlmuskip=\muskip11
Package: url 2006/04/12  ver 3.3  Verb mode for urls, etc.
)
(/usr/share/texmf-texlive/tex/latex/graphics/epsfig.sty
Package: epsfig 1999/02/16 v1.7a (e)psfig emulation (SPQR)
\epsfxsize=\dimen114
\epsfysize=\dimen115
)
(/usr/share/texmf-texlive/tex/latex/subfigure/subfigure.sty
Package: subfigure 2002/03/15 v2.1.5 subfigure package
\subfigtopskip=\skip46
\subfigcapskip=\skip47
\subfigcaptopadj=\dimen116
\subfigbottomskip=\skip48
\subfigcapmargin=\dimen117
\subfiglabelskip=\skip49
\c@subfigure=\count99
\c@lofdepth=\count100
\c@subtable=\count101
\c@lotdepth=\count102

****************************************
* Local config file subfigure.cfg used *
****************************************
(/usr/share/texmf-texlive/tex/latex/subfigure/subfigure.cfg)
\subfig@top=\skip50
\subfig@bottom=\skip51
)
(./ImageSimulation_TextureSynthesis.aux

LaTeX Warning: Label `equ:imagenergy' multiply defined.

)
\openout1 = `ImageSimulation_TextureSynthesis.aux'.

LaTeX Font Info:    Checking defaults for OML/cmm/m/it on input line 53.
LaTeX Font Info:    ... okay on input line 53.
LaTeX Font Info:    Checking defaults for T1/cmr/m/n on input line 53.
LaTeX Font Info:    ... okay on input line 53.
LaTeX Font Info:    Checking defaults for OT1/cmr/m/n on input line 53.
LaTeX Font Info:    ... okay on input line 53.
LaTeX Font Info:    Checking defaults for OMS/cmsy/m/n on input line 53.
LaTeX Font Info:    ... okay on input line 53.
LaTeX Font Info:    Checking defaults for OMX/cmex/m/n on input line 53.
LaTeX Font Info:    ... okay on input line 53.
LaTeX Font Info:    Checking defaults for U/cmr/m/n on input line 53.
LaTeX Font Info:    ... okay on input line 53.
LaTeX Font Info:    Try loading font information for OT1+ptm on input line 53.
 (/usr/share/texmf-texlive/tex/latex/psnfss/ot1ptm.fd
File: ot1ptm.fd 2001/06/04 font definitions for OT1/ptm.
)
LaTeX Font Info:    Font shape `OT1/ptm/bx/n' in size <12> not available
(Font)              Font shape `OT1/ptm/b/n' tried instead on input line 56.

Overfull \hbox (33.48015pt too wide) in paragraph at lines 56--56
 [][] 
 []

LaTeX Font Info:    Font shape `OT1/ptm/bx/n' in size <10> not available
(Font)              Font shape `OT1/ptm/b/n' tried instead on input line 58.
LaTeX Font Info:    Font shape `OT1/ptm/bx/it' in size <10> not available
(Font)              Font shape `OT1/ptm/b/it' tried instead on input line 72.

LaTeX Warning: Citation `revol2002' on page 1 undefined on input line 87.


LaTeX Warning: Citation `CHAR-09' on page 1 undefined on input line 91.


LaTeX Warning: Citation `Castella:08' on page 1 undefined on input line 93.


LaTeX Warning: Citation `DBLP:conf/smi/HoldsteinFPB09' on page 1 undefined on i
nput line 94.


LaTeX Warning: Citation `KFCODLW07' on page 1 undefined on input line 99.


LaTeX Warning: Citation `kwatra:2005:SIGGRAPH' on page 1 undefined on input lin
e 101.


LaTeX Warning: Citation `Lefebvre:2006:ATS:1141911.1141921' on page 1 undefined
 on input line 105.


LaTeX Warning: Citation `ROLLAND2000' on page 1 undefined on input line 106.


LaTeX Warning: Citation `kwatra:2005:SIGGRAPH' on page 1 undefined on input lin
e 118.

[1



]
File: ./images/search_phase.eps Graphic file (type eps)
 <./images/search_phase.eps>
LaTeX Font Info:    Try loading font information for OT1+pcr on input line 153.


(/usr/share/texmf-texlive/tex/latex/psnfss/ot1pcr.fd
File: ot1pcr.fd 2001/06/04 font definitions for OT1/pcr.
)
Underfull \hbox (badness 6364) in paragraph at lines 153--153
[][]\OT1/ptm/m/n/8 L. Smith 2002, A Tu-to-rial on Prin-ci-pal Com-po-nents Anal
-y-
 []


Underfull \hbox (badness 10000) in paragraph at lines 153--153
\OT1/ptm/m/n/8 sis; $\OT1/pcr/m/n/8 www . cs . otago . ac . nz / cosc453 / stud
ent _ tutorials /
 []


LaTeX Warning: Citation `kwatra:2005:SIGGRAPH' on page 2 undefined on input lin
e 176.


LaTeX Warning: Citation `revol2002' on page 2 undefined on input line 216.

[2]
File: ./images/42.irm_Y_015.eps Graphic file (type eps)
 <./images/42.irm_Y_015.eps>
File: ./images/42.irm_Y_015Mask.eps Graphic file (type eps)
 <./images/42.irm_Y_015Mask.eps>
File: ./images/42.irm_Y_047.eps Graphic file (type eps)

<./images/42.irm_Y_047.eps>
File: ./images/42.irm_Y_047Mask.eps Graphic file (type eps)
 <./images/42.irm_Y_047Mask.eps>
File: ./images/vol.73-93-94-sliceX.eps Graphic file (type eps)

<./images/vol.73-93-94-sliceX.eps>
File: ./images/vol.73-93-94-sliceXMask.eps Graphic file (type eps)
 <./images/vol.73-93-94-sliceXMask.eps>
File: ./images/vol.73-93-94-sliceZ.eps Graphic file (type eps)

<./images/vol.73-93-94-sliceZ.eps>
File: ./images/vol.73-93-94-sliceZMask.eps Graphic file (type eps)
 <./images/vol.73-93-94-sliceZMask.eps>
File: ./images/ModelESRF.eps Graphic file (type eps)

<./images/ModelESRF.eps>
File: ./images/ModelIRM.eps Graphic file (type eps)
 <./images/ModelIRM.eps>

LaTeX Warning: Citation `prieto2012' on page 3 undefined on input line 263.

File: ./images/HistoSampleIRM.eps Graphic file (type eps)
<./images/HistoSampleIRM.eps>
File: ./images/HistoModelIRM.eps Graphic file (type eps)
 <./images/HistoModelIRM.eps>

LaTeX Warning: Citation `PR2002' on page 3 undefined on input line 289.

File: ./images/eval_morphologique_IRM_2.eps Graphic file (type eps)
<./images/eval_morphologique_IRM_2.eps> [3]
File: ./images/IRM_synth_4_074.eps Graphic file (type eps)
 <./images/IRM_synth_4_074.eps>
File: ./images/IRM_Original_43.eps Graphic file (type eps)

<./images/IRM_Original_43.eps> (./ImageSimulation_TextureSynthesis.bbl)
[4] (./ImageSimulation_TextureSynthesis.aux)

LaTeX Warning: There were undefined references.


LaTeX Warning: There were multiply-defined labels.

 ) 
Here is how much of TeX's memory you used:
 1916 strings out of 495062
 26042 string characters out of 1182645
 84119 words of memory out of 3000000
 5047 multiletter control sequences out of 15000+50000
 12922 words of font info for 39 fonts, out of 3000000 for 9000
 28 hyphenation exceptions out of 8191
 41i,11n,24p,993b,308s stack positions out of 5000i,500n,10000p,200000b,50000s

Output written on ImageSimulation_TextureSynthesis.dvi (4 pages, 27396 bytes).
